2023-09-29T09:59:38.820 application=explorer [info] tx/per day chart: collect records for txs per day stats
2023-09-29T09:59:38.821 application=explorer [info] tx/per day chart: earliest date 2023-09-20 00:00:00Z
2023-09-29T09:59:38.821 application=explorer [info] tx/per day chart: latest date 2023-09-20 23:59:59Z
2023-09-29T09:59:38.972 application=explorer [info] tx/per day chart: timestamp cannot be converted to min/max blocks, trying to find min/max blocks through a fallback option}
2023-09-29T09:59:38.990 application=explorer [warn] tx/per day chart: failed to get min/max blocks through a fallback option}
2023-09-29T09:59:38.990 application=explorer [info] tx/per day chart: collect records for txs per day stats
2023-09-29T09:59:38.990 application=explorer [info] tx/per day chart: earliest date 2023-09-21 00:00:00Z
2023-09-29T09:59:38.990 application=explorer [info] tx/per day chart: latest date 2023-09-21 23:59:59Z
2023-09-29T09:59:39.008 application=explorer [info] tx/per day chart: timestamp cannot be converted to min/max blocks, trying to find min/max blocks through a fallback option}
2023-09-29T09:59:39.022 application=explorer [warn] tx/per day chart: failed to get min/max blocks through a fallback option}
2023-09-29T09:59:39.022 application=explorer [info] tx/per day chart: collect records for txs per day stats
2023-09-29T09:59:39.022 application=explorer [info] tx/per day chart: earliest date 2023-09-22 00:00:00Z
2023-09-29T09:59:39.022 application=explorer [info] tx/per day chart: latest date 2023-09-22 23:59:59Z
2023-09-29T09:59:39.038 application=explorer [info] tx/per day chart: timestamp cannot be converted to min/max blocks, trying to find min/max blocks through a fallback option}
2023-09-29T09:59:39.073 application=explorer [warn] tx/per day chart: failed to get min/max blocks through a fallback option}
2023-09-29T09:59:39.073 application=explorer [info] tx/per day chart: collect records for txs per day stats
2023-09-29T09:59:39.073 application=explorer [info] tx/per day chart: earliest date 2023-09-23 00:00:00Z
2023-09-29T09:59:39.073 application=explorer [info] tx/per day chart: latest date 2023-09-23 23:59:59Z
2023-09-29T09:59:39.112 application=explorer [info] tx/per day chart: timestamp cannot be converted to min/max blocks, trying to find min/max blocks through a fallback option}
2023-09-29T09:59:39.133 application=explorer [warn] tx/per day chart: failed to get min/max blocks through a fallback option}
2023-09-29T09:59:39.133 application=explorer [info] tx/per day chart: collect records for txs per day stats
2023-09-29T09:59:39.134 application=explorer [info] tx/per day chart: earliest date 2023-09-24 00:00:00Z
2023-09-29T09:59:39.134 application=explorer [info] tx/per day chart: latest date 2023-09-24 23:59:59Z
2023-09-29T09:59:39.151 application=explorer [info] tx/per day chart: timestamp cannot be converted to min/max blocks, trying to find min/max blocks through a fallback option}
2023-09-29T09:59:39.166 application=explorer [warn] tx/per day chart: failed to get min/max blocks through a fallback option}
2023-09-29T09:59:39.166 application=explorer [info] tx/per day chart: collect records for txs per day stats
2023-09-29T09:59:39.166 application=explorer [info] tx/per day chart: earliest date 2023-09-25 00:00:00Z
2023-09-29T09:59:39.166 application=explorer [info] tx/per day chart: latest date 2023-09-25 23:59:59Z
2023-09-29T09:59:39.182 application=explorer [info] tx/per day chart: timestamp cannot be converted to min/max blocks, trying to find min/max blocks through a fallback option}
2023-09-29T09:59:39.197 application=explorer [warn] tx/per day chart: failed to get min/max blocks through a fallback option}
2023-09-29T09:59:39.197 application=explorer [info] tx/per day chart: collect records for txs per day stats
2023-09-29T09:59:39.197 application=explorer [info] tx/per day chart: earliest date 2023-09-26 00:00:00Z
2023-09-29T09:59:39.197 application=explorer [info] tx/per day chart: latest date 2023-09-26 23:59:59Z
2023-09-29T09:59:39.213 application=explorer [info] tx/per day chart: timestamp cannot be converted to min/max blocks, trying to find min/max blocks through a fallback option}
2023-09-29T09:59:39.226 application=explorer [warn] tx/per day chart: failed to get min/max blocks through a fallback option}
2023-09-29T09:59:39.226 application=explorer [info] tx/per day chart: collect records for txs per day stats
2023-09-29T09:59:39.226 application=explorer [info] tx/per day chart: earliest date 2023-09-27 00:00:00Z
2023-09-29T09:59:39.226 application=explorer [info] tx/per day chart: latest date 2023-09-27 23:59:59Z
2023-09-29T09:59:39.232 application=explorer [warn] Failed to fetch market cap history. Trying again.
2023-09-29T09:59:39.241 application=explorer [info] tx/per day chart: timestamp cannot be converted to min/max blocks, trying to find min/max blocks through a fallback option}
2023-09-29T09:59:39.254 application=explorer [warn] tx/per day chart: failed to get min/max blocks through a fallback option}
2023-09-29T09:59:39.254 application=explorer [info] tx/per day chart: collect records for txs per day stats
2023-09-29T09:59:39.254 application=explorer [info] tx/per day chart: earliest date 2023-09-28 00:00:00Z
2023-09-29T09:59:39.254 application=explorer [info] tx/per day chart: latest date 2023-09-28 23:59:59Z
2023-09-29T09:59:39.268 application=explorer [info] tx/per day chart: timestamp cannot be converted to min/max blocks, trying to find min/max blocks through a fallback option}
2023-09-29T09:59:39.281 application=explorer [warn] tx/per day chart: failed to get min/max blocks through a fallback option}
2023-09-29T09:59:39.281 application=explorer [info] tx/per day chart: collect records for txs per day stats
2023-09-29T09:59:39.281 application=explorer [info] tx/per day chart: records collected [%{date: ~D[2023-09-28], gas_used: 0, number_of_transactions: 0, total_fee: 0}, %{date: ~D[2023-09-27], gas_used: 0, number_of_transactions: 0, total_fee: 0}, %{date: ~D[2023-09-26], gas_used: 0, number_of_transactions: 0, total_fee: 0}, %{date: ~D[2023-09-25], gas_used: 0, number_of_transactions: 0, total_fee: 0}, %{date: ~D[2023-09-24], gas_used: 0, number_of_transactions: 0, total_fee: 0}, %{date: ~D[2023-09-23], gas_used: 0, number_of_transactions: 0, total_fee: 0}, %{date: ~D[2023-09-22], gas_used: 0, number_of_transactions: 0, total_fee: 0}, %{date: ~D[2023-09-21], gas_used: 0, number_of_transactions: 0, total_fee: 0}, %{date: ~D[2023-09-20], gas_used: 0, number_of_transactions: 0, total_fee: 0}]
2023-09-29T09:59:39.281 application=explorer [info] tx/per day chart: save records
2023-09-29T09:59:39.297 application=explorer [info] tx/per day chart: number of inserted 10
2023-09-29T09:59:39.347 application=explorer [warn] Failed to fetch market cap history. Trying again.
2023-09-29T09:59:39.563 application=explorer [warn] Failed to fetch market cap history. Trying again.
2023-09-29T10:01:25.235 application=explorer [info] tx/per day chart: collect records for txs per day stats
2023-09-29T10:01:25.235 application=explorer [info] tx/per day chart: earliest date 2023-09-20 00:00:00Z
2023-09-29T10:01:25.235 application=explorer [info] tx/per day chart: latest date 2023-09-20 23:59:59Z
2023-09-29T10:01:25.381 application=explorer [info] tx/per day chart: timestamp cannot be converted to min/max blocks, trying to find min/max blocks through a fallback option}
2023-09-29T10:01:25.409 application=explorer [warn] tx/per day chart: failed to get min/max blocks through a fallback option}
2023-09-29T10:01:25.409 application=explorer [info] tx/per day chart: collect records for txs per day stats
2023-09-29T10:01:25.409 application=explorer [info] tx/per day chart: earliest date 2023-09-21 00:00:00Z
2023-09-29T10:01:25.409 application=explorer [info] tx/per day chart: latest date 2023-09-21 23:59:59Z
2023-09-29T10:01:25.448 application=explorer [info] tx/per day chart: timestamp cannot be converted to min/max blocks, trying to find min/max blocks through a fallback option}
2023-09-29T10:01:25.449 application=explorer [warn] Failed to fetch market cap history. Trying again.
2023-09-29T10:01:25.495 application=explorer [warn] tx/per day chart: failed to get min/max blocks through a fallback option}
2023-09-29T10:01:25.495 application=explorer [info] tx/per day chart: collect records for txs per day stats
2023-09-29T10:01:25.495 application=explorer [info] tx/per day chart: earliest date 2023-09-22 00:00:00Z
2023-09-29T10:01:25.495 application=explorer [info] tx/per day chart: latest date 2023-09-22 23:59:59Z
2023-09-29T10:01:25.528 application=explorer [info] tx/per day chart: timestamp cannot be converted to min/max blocks, trying to find min/max blocks through a fallback option}
2023-09-29T10:01:25.546 application=explorer [warn] tx/per day chart: failed to get min/max blocks through a fallback option}
2023-09-29T10:01:25.546 application=explorer [info] tx/per day chart: collect records for txs per day stats
2023-09-29T10:01:25.546 application=explorer [info] tx/per day chart: earliest date 2023-09-23 00:00:00Z
2023-09-29T10:01:25.546 application=explorer [info] tx/per day chart: latest date 2023-09-23 23:59:59Z
2023-09-29T10:01:25.566 application=explorer [info] tx/per day chart: timestamp cannot be converted to min/max blocks, trying to find min/max blocks through a fallback option}
2023-09-29T10:01:25.582 application=explorer [warn] tx/per day chart: failed to get min/max blocks through a fallback option}
2023-09-29T10:01:25.582 application=explorer [info] tx/per day chart: collect records for txs per day stats
2023-09-29T10:01:25.582 application=explorer [info] tx/per day chart: earliest date 2023-09-24 00:00:00Z
2023-09-29T10:01:25.582 application=explorer [info] tx/per day chart: latest date 2023-09-24 23:59:59Z
2023-09-29T10:01:25.598 application=explorer [info] tx/per day chart: timestamp cannot be converted to min/max blocks, trying to find min/max blocks through a fallback option}
2023-09-29T10:01:25.612 application=explorer [warn] tx/per day chart: failed to get min/max blocks through a fallback option}
2023-09-29T10:01:25.612 application=explorer [info] tx/per day chart: collect records for txs per day stats
2023-09-29T10:01:25.612 application=explorer [info] tx/per day chart: earliest date 2023-09-25 00:00:00Z
2023-09-29T10:01:25.613 application=explorer [info] tx/per day chart: latest date 2023-09-25 23:59:59Z
2023-09-29T10:01:25.628 application=explorer [info] tx/per day chart: timestamp cannot be converted to min/max blocks, trying to find min/max blocks through a fallback option}
2023-09-29T10:01:25.642 application=explorer [warn] tx/per day chart: failed to get min/max blocks through a fallback option}
2023-09-29T10:01:25.642 application=explorer [info] tx/per day chart: collect records for txs per day stats
2023-09-29T10:01:25.642 application=explorer [info] tx/per day chart: earliest date 2023-09-26 00:00:00Z
2023-09-29T10:01:25.642 application=explorer [info] tx/per day chart: latest date 2023-09-26 23:59:59Z
2023-09-29T10:01:25.657 application=explorer [info] tx/per day chart: timestamp cannot be converted to min/max blocks, trying to find min/max blocks through a fallback option}
2023-09-29T10:01:25.669 application=explorer [warn] tx/per day chart: failed to get min/max blocks through a fallback option}
2023-09-29T10:01:25.669 application=explorer [info] tx/per day chart: collect records for txs per day stats
2023-09-29T10:01:25.670 application=explorer [info] tx/per day chart: earliest date 2023-09-27 00:00:00Z
2023-09-29T10:01:25.670 application=explorer [info] tx/per day chart: latest date 2023-09-27 23:59:59Z
2023-09-29T10:01:25.685 application=explorer [info] tx/per day chart: timestamp cannot be converted to min/max blocks, trying to find min/max blocks through a fallback option}
2023-09-29T10:01:25.699 application=explorer [warn] tx/per day chart: failed to get min/max blocks through a fallback option}
2023-09-29T10:01:25.699 application=explorer [info] tx/per day chart: collect records for txs per day stats
2023-09-29T10:01:25.699 application=explorer [info] tx/per day chart: earliest date 2023-09-28 00:00:00Z
2023-09-29T10:01:25.699 application=explorer [info] tx/per day chart: latest date 2023-09-28 23:59:59Z
2023-09-29T10:01:25.713 application=explorer [info] tx/per day chart: timestamp cannot be converted to min/max blocks, trying to find min/max blocks through a fallback option}
2023-09-29T10:01:25.729 application=explorer [warn] tx/per day chart: failed to get min/max blocks through a fallback option}
2023-09-29T10:01:25.729 application=explorer [info] tx/per day chart: collect records for txs per day stats
2023-09-29T10:01:25.730 application=explorer [info] tx/per day chart: records collected [%{date: ~D[2023-09-28], gas_used: 0, number_of_transactions: 0, total_fee: 0}, %{date: ~D[2023-09-27], gas_used: 0, number_of_transactions: 0, total_fee: 0}, %{date: ~D[2023-09-26], gas_used: 0, number_of_transactions: 0, total_fee: 0}, %{date: ~D[2023-09-25], gas_used: 0, number_of_transactions: 0, total_fee: 0}, %{date: ~D[2023-09-24], gas_used: 0, number_of_transactions: 0, total_fee: 0}, %{date: ~D[2023-09-23], gas_used: 0, number_of_transactions: 0, total_fee: 0}, %{date: ~D[2023-09-22], gas_used: 0, number_of_transactions: 0, total_fee: 0}, %{date: ~D[2023-09-21], gas_used: 0, number_of_transactions: 0, total_fee: 0}, %{date: ~D[2023-09-20], gas_used: 0, number_of_transactions: 0, total_fee: 0}]
2023-09-29T10:01:25.730 application=explorer [info] tx/per day chart: save records
2023-09-29T10:01:25.745 application=explorer [info] tx/per day chart: number of inserted 10
2023-09-29T10:01:25.845 application=explorer [warn] Failed to fetch market cap history. Trying again.
2023-09-29T10:01:26.062 application=explorer [warn] Failed to fetch market cap history. Trying again.
2023-09-29T10:03:25.234 application=explorer [warn] Failed to fetch genesis data. Chain spec path is not set.
2023-09-29T10:12:28.775 application=explorer [info] tx/per day chart: collect records for txs per day stats
2023-09-29T10:12:28.776 application=explorer [info] tx/per day chart: earliest date 2023-09-20 00:00:00Z
2023-09-29T10:12:28.776 application=explorer [info] tx/per day chart: latest date 2023-09-20 23:59:59Z
2023-09-29T10:12:28.944 application=explorer [info] tx/per day chart: timestamp cannot be converted to min/max blocks, trying to find min/max blocks through a fallback option}
2023-09-29T10:12:28.965 application=explorer [warn] tx/per day chart: failed to get min/max blocks through a fallback option}
2023-09-29T10:12:28.965 application=explorer [info] tx/per day chart: collect records for txs per day stats
2023-09-29T10:12:28.965 application=explorer [info] tx/per day chart: earliest date 2023-09-21 00:00:00Z
2023-09-29T10:12:28.965 application=explorer [info] tx/per day chart: latest date 2023-09-21 23:59:59Z
2023-09-29T10:12:28.990 application=explorer [info] tx/per day chart: timestamp cannot be converted to min/max blocks, trying to find min/max blocks through a fallback option}
2023-09-29T10:12:28.995 application=explorer [warn] Failed to fetch market cap history. Trying again.
2023-09-29T10:12:29.035 application=explorer [warn] tx/per day chart: failed to get min/max blocks through a fallback option}
2023-09-29T10:12:29.035 application=explorer [info] tx/per day chart: collect records for txs per day stats
2023-09-29T10:12:29.035 application=explorer [info] tx/per day chart: earliest date 2023-09-22 00:00:00Z
2023-09-29T10:12:29.050 application=explorer [info] tx/per day chart: latest date 2023-09-22 23:59:59Z
2023-09-29T10:12:29.076 application=explorer [info] tx/per day chart: timestamp cannot be converted to min/max blocks, trying to find min/max blocks through a fallback option}
2023-09-29T10:12:29.096 application=explorer [warn] tx/per day chart: failed to get min/max blocks through a fallback option}
2023-09-29T10:12:29.096 application=explorer [info] tx/per day chart: collect records for txs per day stats
2023-09-29T10:12:29.096 application=explorer [info] tx/per day chart: earliest date 2023-09-23 00:00:00Z
2023-09-29T10:12:29.096 application=explorer [info] tx/per day chart: latest date 2023-09-23 23:59:59Z
2023-09-29T10:12:29.114 application=explorer [warn] Failed to fetch market cap history. Trying again.
2023-09-29T10:12:29.118 application=explorer [info] tx/per day chart: timestamp cannot be converted to min/max blocks, trying to find min/max blocks through a fallback option}
2023-09-29T10:12:29.135 application=explorer [warn] tx/per day chart: failed to get min/max blocks through a fallback option}
2023-09-29T10:12:29.135 application=explorer [info] tx/per day chart: collect records for txs per day stats
2023-09-29T10:12:29.135 application=explorer [info] tx/per day chart: earliest date 2023-09-24 00:00:00Z
2023-09-29T10:12:29.135 application=explorer [info] tx/per day chart: latest date 2023-09-24 23:59:59Z
2023-09-29T10:12:29.152 application=explorer [info] tx/per day chart: timestamp cannot be converted to min/max blocks, trying to find min/max blocks through a fallback option}
2023-09-29T10:12:29.167 application=explorer [warn] tx/per day chart: failed to get min/max blocks through a fallback option}
2023-09-29T10:12:29.167 application=explorer [info] tx/per day chart: collect records for txs per day stats
2023-09-29T10:12:29.167 application=explorer [info] tx/per day chart: earliest date 2023-09-25 00:00:00Z
2023-09-29T10:12:29.167 application=explorer [info] tx/per day chart: latest date 2023-09-25 23:59:59Z
2023-09-29T10:12:29.186 application=explorer [info] tx/per day chart: timestamp cannot be converted to min/max blocks, trying to find min/max blocks through a fallback option}
2023-09-29T10:12:29.202 application=explorer [warn] tx/per day chart: failed to get min/max blocks through a fallback option}
2023-09-29T10:12:29.202 application=explorer [info] tx/per day chart: collect records for txs per day stats
2023-09-29T10:12:29.202 application=explorer [info] tx/per day chart: earliest date 2023-09-26 00:00:00Z
2023-09-29T10:12:29.202 application=explorer [info] tx/per day chart: latest date 2023-09-26 23:59:59Z
2023-09-29T10:12:29.219 application=explorer [info] tx/per day chart: timestamp cannot be converted to min/max blocks, trying to find min/max blocks through a fallback option}
2023-09-29T10:12:29.234 application=explorer [warn] tx/per day chart: failed to get min/max blocks through a fallback option}
2023-09-29T10:12:29.234 application=explorer [info] tx/per day chart: collect records for txs per day stats
2023-09-29T10:12:29.234 application=explorer [info] tx/per day chart: earliest date 2023-09-27 00:00:00Z
2023-09-29T10:12:29.234 application=explorer [info] tx/per day chart: latest date 2023-09-27 23:59:59Z
2023-09-29T10:12:29.251 application=explorer [info] tx/per day chart: timestamp cannot be converted to min/max blocks, trying to find min/max blocks through a fallback option}
2023-09-29T10:12:29.264 application=explorer [warn] tx/per day chart: failed to get min/max blocks through a fallback option}
2023-09-29T10:12:29.264 application=explorer [info] tx/per day chart: collect records for txs per day stats
2023-09-29T10:12:29.264 application=explorer [info] tx/per day chart: earliest date 2023-09-28 00:00:00Z
2023-09-29T10:12:29.264 application=explorer [info] tx/per day chart: latest date 2023-09-28 23:59:59Z
2023-09-29T10:12:29.280 application=explorer [info] tx/per day chart: timestamp cannot be converted to min/max blocks, trying to find min/max blocks through a fallback option}
2023-09-29T10:12:29.295 application=explorer [warn] tx/per day chart: failed to get min/max blocks through a fallback option}
2023-09-29T10:12:29.295 application=explorer [info] tx/per day chart: collect records for txs per day stats
2023-09-29T10:12:29.295 application=explorer [info] tx/per day chart: records collected [%{date: ~D[2023-09-28], gas_used: 0, number_of_transactions: 0, total_fee: 0}, %{date: ~D[2023-09-27], gas_used: 0, number_of_transactions: 0, total_fee: 0}, %{date: ~D[2023-09-26], gas_used: 0, number_of_transactions: 0, total_fee: 0}, %{date: ~D[2023-09-25], gas_used: 0, number_of_transactions: 0, total_fee: 0}, %{date: ~D[2023-09-24], gas_used: 0, number_of_transactions: 0, total_fee: 0}, %{date: ~D[2023-09-23], gas_used: 0, number_of_transactions: 0, total_fee: 0}, %{date: ~D[2023-09-22], gas_used: 0, number_of_transactions: 0, total_fee: 0}, %{date: ~D[2023-09-21], gas_used: 0, number_of_transactions: 0, total_fee: 0}, %{date: ~D[2023-09-20], gas_used: 0, number_of_transactions: 0, total_fee: 0}]
2023-09-29T10:12:29.296 application=explorer [info] tx/per day chart: save records
2023-09-29T10:12:29.313 application=explorer [info] tx/per day chart: number of inserted 10
2023-09-29T10:12:29.334 application=explorer [warn] Failed to fetch market cap history. Trying again.
2023-09-29T10:13:36.781 application=explorer [info] tx/per day chart: collect records for txs per day stats
2023-09-29T10:13:36.781 application=explorer [info] tx/per day chart: earliest date 2023-09-20 00:00:00Z
2023-09-29T10:13:36.781 application=explorer [info] tx/per day chart: latest date 2023-09-20 23:59:59Z
2023-09-29T10:13:36.919 application=explorer [info] tx/per day chart: timestamp cannot be converted to min/max blocks, trying to find min/max blocks through a fallback option}
2023-09-29T10:13:36.941 application=explorer [warn] tx/per day chart: failed to get min/max blocks through a fallback option}
2023-09-29T10:13:36.941 application=explorer [info] tx/per day chart: collect records for txs per day stats
2023-09-29T10:13:36.942 application=explorer [info] tx/per day chart: earliest date 2023-09-21 00:00:00Z
2023-09-29T10:13:36.942 application=explorer [info] tx/per day chart: latest date 2023-09-21 23:59:59Z
2023-09-29T10:13:36.965 application=explorer [info] tx/per day chart: timestamp cannot be converted to min/max blocks, trying to find min/max blocks through a fallback option}
2023-09-29T10:13:36.978 application=explorer [warn] Failed to fetch market cap history. Trying again.
2023-09-29T10:13:37.035 application=explorer [warn] tx/per day chart: failed to get min/max blocks through a fallback option}
2023-09-29T10:13:37.035 application=explorer [info] tx/per day chart: collect records for txs per day stats
2023-09-29T10:13:37.036 application=explorer [info] tx/per day chart: earliest date 2023-09-22 00:00:00Z
2023-09-29T10:13:37.036 application=explorer [info] tx/per day chart: latest date 2023-09-22 23:59:59Z
2023-09-29T10:13:37.063 application=explorer [info] tx/per day chart: timestamp cannot be converted to min/max blocks, trying to find min/max blocks through a fallback option}
2023-09-29T10:13:37.084 application=explorer [warn] tx/per day chart: failed to get min/max blocks through a fallback option}
2023-09-29T10:13:37.084 application=explorer [info] tx/per day chart: collect records for txs per day stats
2023-09-29T10:13:37.085 application=explorer [info] tx/per day chart: earliest date 2023-09-23 00:00:00Z
2023-09-29T10:13:37.085 application=explorer [info] tx/per day chart: latest date 2023-09-23 23:59:59Z
2023-09-29T10:13:37.095 application=explorer [warn] Failed to fetch market cap history. Trying again.
2023-09-29T10:13:37.115 application=explorer [info] tx/per day chart: timestamp cannot be converted to min/max blocks, trying to find min/max blocks through a fallback option}
2023-09-29T10:13:37.130 application=explorer [warn] tx/per day chart: failed to get min/max blocks through a fallback option}
2023-09-29T10:13:37.130 application=explorer [info] tx/per day chart: collect records for txs per day stats
2023-09-29T10:13:37.130 application=explorer [info] tx/per day chart: earliest date 2023-09-24 00:00:00Z
2023-09-29T10:13:37.130 application=explorer [info] tx/per day chart: latest date 2023-09-24 23:59:59Z
2023-09-29T10:13:37.161 application=explorer [info] tx/per day chart: timestamp cannot be converted to min/max blocks, trying to find min/max blocks through a fallback option}
2023-09-29T10:13:37.176 application=explorer [warn] tx/per day chart: failed to get min/max blocks through a fallback option}
2023-09-29T10:13:37.176 application=explorer [info] tx/per day chart: collect records for txs per day stats
2023-09-29T10:13:37.176 application=explorer [info] tx/per day chart: earliest date 2023-09-25 00:00:00Z
2023-09-29T10:13:37.176 application=explorer [info] tx/per day chart: latest date 2023-09-25 23:59:59Z
2023-09-29T10:13:37.194 application=explorer [info] tx/per day chart: timestamp cannot be converted to min/max blocks, trying to find min/max blocks through a fallback option}
2023-09-29T10:13:37.210 application=explorer [warn] tx/per day chart: failed to get min/max blocks through a fallback option}
2023-09-29T10:13:37.210 application=explorer [info] tx/per day chart: collect records for txs per day stats
2023-09-29T10:13:37.210 application=explorer [info] tx/per day chart: earliest date 2023-09-26 00:00:00Z
2023-09-29T10:13:37.210 application=explorer [info] tx/per day chart: latest date 2023-09-26 23:59:59Z
2023-09-29T10:13:37.228 application=explorer [info] tx/per day chart: timestamp cannot be converted to min/max blocks, trying to find min/max blocks through a fallback option}
2023-09-29T10:13:37.245 application=explorer [warn] tx/per day chart: failed to get min/max blocks through a fallback option}
2023-09-29T10:13:37.245 application=explorer [info] tx/per day chart: collect records for txs per day stats
2023-09-29T10:13:37.245 application=explorer [info] tx/per day chart: earliest date 2023-09-27 00:00:00Z
2023-09-29T10:13:37.245 application=explorer [info] tx/per day chart: latest date 2023-09-27 23:59:59Z
2023-09-29T10:13:37.266 application=explorer [info] tx/per day chart: timestamp cannot be converted to min/max blocks, trying to find min/max blocks through a fallback option}
2023-09-29T10:13:37.283 application=explorer [warn] tx/per day chart: failed to get min/max blocks through a fallback option}
2023-09-29T10:13:37.283 application=explorer [info] tx/per day chart: collect records for txs per day stats
2023-09-29T10:13:37.283 application=explorer [info] tx/per day chart: earliest date 2023-09-28 00:00:00Z
2023-09-29T10:13:37.283 application=explorer [info] tx/per day chart: latest date 2023-09-28 23:59:59Z
2023-09-29T10:13:37.304 application=explorer [info] tx/per day chart: timestamp cannot be converted to min/max blocks, trying to find min/max blocks through a fallback option}
2023-09-29T10:13:37.315 application=explorer [warn] Failed to fetch market cap history. Trying again.
2023-09-29T10:13:37.324 application=explorer [warn] tx/per day chart: failed to get min/max blocks through a fallback option}
2023-09-29T10:13:37.324 application=explorer [info] tx/per day chart: collect records for txs per day stats
2023-09-29T10:13:37.324 application=explorer [info] tx/per day chart: records collected [%{date: ~D[2023-09-28], gas_used: 0, number_of_transactions: 0, total_fee: 0}, %{date: ~D[2023-09-27], gas_used: 0, number_of_transactions: 0, total_fee: 0}, %{date: ~D[2023-09-26], gas_used: 0, number_of_transactions: 0, total_fee: 0}, %{date: ~D[2023-09-25], gas_used: 0, number_of_transactions: 0, total_fee: 0}, %{date: ~D[2023-09-24], gas_used: 0, number_of_transactions: 0, total_fee: 0}, %{date: ~D[2023-09-23], gas_used: 0, number_of_transactions: 0, total_fee: 0}, %{date: ~D[2023-09-22], gas_used: 0, number_of_transactions: 0, total_fee: 0}, %{date: ~D[2023-09-21], gas_used: 0, number_of_transactions: 0, total_fee: 0}, %{date: ~D[2023-09-20], gas_used: 0, number_of_transactions: 0, total_fee: 0}]
2023-09-29T10:13:37.324 application=explorer [info] tx/per day chart: save records
2023-09-29T10:13:37.336 application=explorer [info] tx/per day chart: number of inserted 10
2023-09-29T10:14:10.290 application=explorer [info] tx/per day chart: collect records for txs per day stats
2023-09-29T10:14:10.290 application=explorer [info] tx/per day chart: earliest date 2023-09-20 00:00:00Z
2023-09-29T10:14:10.290 application=explorer [info] tx/per day chart: latest date 2023-09-20 23:59:59Z
2023-09-29T10:14:10.400 application=explorer [info] tx/per day chart: timestamp cannot be converted to min/max blocks, trying to find min/max blocks through a fallback option}
2023-09-29T10:14:10.420 application=explorer [warn] tx/per day chart: failed to get min/max blocks through a fallback option}
2023-09-29T10:14:10.420 application=explorer [info] tx/per day chart: collect records for txs per day stats
2023-09-29T10:14:10.420 application=explorer [info] tx/per day chart: earliest date 2023-09-21 00:00:00Z
2023-09-29T10:14:10.420 application=explorer [info] tx/per day chart: latest date 2023-09-21 23:59:59Z
2023-09-29T10:14:10.447 application=explorer [info] tx/per day chart: timestamp cannot be converted to min/max blocks, trying to find min/max blocks through a fallback option}
2023-09-29T10:14:10.486 application=explorer [warn] tx/per day chart: failed to get min/max blocks through a fallback option}
2023-09-29T10:14:10.492 application=explorer [warn] Failed to fetch market cap history. Trying again.
2023-09-29T10:14:10.493 application=explorer [info] tx/per day chart: collect records for txs per day stats
2023-09-29T10:14:10.493 application=explorer [info] tx/per day chart: earliest date 2023-09-22 00:00:00Z
2023-09-29T10:14:10.493 application=explorer [info] tx/per day chart: latest date 2023-09-22 23:59:59Z
2023-09-29T10:14:10.518 application=explorer [info] tx/per day chart: timestamp cannot be converted to min/max blocks, trying to find min/max blocks through a fallback option}
2023-09-29T10:14:10.536 application=explorer [warn] tx/per day chart: failed to get min/max blocks through a fallback option}
2023-09-29T10:14:10.536 application=explorer [info] tx/per day chart: collect records for txs per day stats
2023-09-29T10:14:10.536 application=explorer [info] tx/per day chart: earliest date 2023-09-23 00:00:00Z
2023-09-29T10:14:10.536 application=explorer [info] tx/per day chart: latest date 2023-09-23 23:59:59Z
2023-09-29T10:14:10.552 application=explorer [info] tx/per day chart: timestamp cannot be converted to min/max blocks, trying to find min/max blocks through a fallback option}
2023-09-29T10:14:10.565 application=explorer [warn] tx/per day chart: failed to get min/max blocks through a fallback option}
2023-09-29T10:14:10.565 application=explorer [info] tx/per day chart: collect records for txs per day stats
2023-09-29T10:14:10.565 application=explorer [info] tx/per day chart: earliest date 2023-09-24 00:00:00Z
2023-09-29T10:14:10.566 application=explorer [info] tx/per day chart: latest date 2023-09-24 23:59:59Z
2023-09-29T10:14:10.580 application=explorer [info] tx/per day chart: timestamp cannot be converted to min/max blocks, trying to find min/max blocks through a fallback option}
2023-09-29T10:14:10.593 application=explorer [warn] tx/per day chart: failed to get min/max blocks through a fallback option}
2023-09-29T10:14:10.593 application=explorer [info] tx/per day chart: collect records for txs per day stats
2023-09-29T10:14:10.593 application=explorer [info] tx/per day chart: earliest date 2023-09-25 00:00:00Z
2023-09-29T10:14:10.593 application=explorer [info] tx/per day chart: latest date 2023-09-25 23:59:59Z
2023-09-29T10:14:10.608 application=explorer [warn] Failed to fetch market cap history. Trying again.
2023-09-29T10:14:10.612 application=explorer [info] tx/per day chart: timestamp cannot be converted to min/max blocks, trying to find min/max blocks through a fallback option}
2023-09-29T10:14:10.625 application=explorer [warn] tx/per day chart: failed to get min/max blocks through a fallback option}
2023-09-29T10:14:10.625 application=explorer [info] tx/per day chart: collect records for txs per day stats
2023-09-29T10:14:10.625 application=explorer [info] tx/per day chart: earliest date 2023-09-26 00:00:00Z
2023-09-29T10:14:10.625 application=explorer [info] tx/per day chart: latest date 2023-09-26 23:59:59Z
2023-09-29T10:14:10.639 application=explorer [info] tx/per day chart: timestamp cannot be converted to min/max blocks, trying to find min/max blocks through a fallback option}
2023-09-29T10:14:10.652 application=explorer [warn] tx/per day chart: failed to get min/max blocks through a fallback option}
2023-09-29T10:14:10.652 application=explorer [info] tx/per day chart: collect records for txs per day stats
2023-09-29T10:14:10.652 application=explorer [info] tx/per day chart: earliest date 2023-09-27 00:00:00Z
2023-09-29T10:14:10.652 application=explorer [info] tx/per day chart: latest date 2023-09-27 23:59:59Z
2023-09-29T10:14:10.666 application=explorer [info] tx/per day chart: timestamp cannot be converted to min/max blocks, trying to find min/max blocks through a fallback option}
2023-09-29T10:14:10.679 application=explorer [warn] tx/per day chart: failed to get min/max blocks through a fallback option}
2023-09-29T10:14:10.679 application=explorer [info] tx/per day chart: collect records for txs per day stats
2023-09-29T10:14:10.679 application=explorer [info] tx/per day chart: earliest date 2023-09-28 00:00:00Z
2023-09-29T10:14:10.679 application=explorer [info] tx/per day chart: latest date 2023-09-28 23:59:59Z
2023-09-29T10:14:10.692 application=explorer [info] tx/per day chart: timestamp cannot be converted to min/max blocks, trying to find min/max blocks through a fallback option}
2023-09-29T10:14:10.704 application=explorer [warn] tx/per day chart: failed to get min/max blocks through a fallback option}
2023-09-29T10:14:10.704 application=explorer [info] tx/per day chart: collect records for txs per day stats
2023-09-29T10:14:10.704 application=explorer [info] tx/per day chart: records collected [%{date: ~D[2023-09-28], gas_used: 0, number_of_transactions: 0, total_fee: 0}, %{date: ~D[2023-09-27], gas_used: 0, number_of_transactions: 0, total_fee: 0}, %{date: ~D[2023-09-26], gas_used: 0, number_of_transactions: 0, total_fee: 0}, %{date: ~D[2023-09-25], gas_used: 0, number_of_transactions: 0, total_fee: 0}, %{date: ~D[2023-09-24], gas_used: 0, number_of_transactions: 0, total_fee: 0}, %{date: ~D[2023-09-23], gas_used: 0, number_of_transactions: 0, total_fee: 0}, %{date: ~D[2023-09-22], gas_used: 0, number_of_transactions: 0, total_fee: 0}, %{date: ~D[2023-09-21], gas_used: 0, number_of_transactions: 0, total_fee: 0}, %{date: ~D[2023-09-20], gas_used: 0, number_of_transactions: 0, total_fee: 0}]
2023-09-29T10:14:10.704 application=explorer [info] tx/per day chart: save records
2023-09-29T10:14:10.716 application=explorer [info] tx/per day chart: number of inserted 10
2023-09-29T10:14:10.824 application=explorer [warn] Failed to fetch market cap history. Trying again.
2023-09-29T10:14:47.768 application=explorer [info] tx/per day chart: collect records for txs per day stats
2023-09-29T10:14:47.768 application=explorer [info] tx/per day chart: earliest date 2023-09-20 00:00:00Z
2023-09-29T10:14:47.768 application=explorer [info] tx/per day chart: latest date 2023-09-20 23:59:59Z
2023-09-29T10:14:47.915 application=explorer [info] tx/per day chart: timestamp cannot be converted to min/max blocks, trying to find min/max blocks through a fallback option}
2023-09-29T10:14:47.935 application=explorer [warn] tx/per day chart: failed to get min/max blocks through a fallback option}
2023-09-29T10:14:47.935 application=explorer [info] tx/per day chart: collect records for txs per day stats
2023-09-29T10:14:47.935 application=explorer [info] tx/per day chart: earliest date 2023-09-21 00:00:00Z
2023-09-29T10:14:47.935 application=explorer [info] tx/per day chart: latest date 2023-09-21 23:59:59Z
2023-09-29T10:14:47.965 application=explorer [info] tx/per day chart: timestamp cannot be converted to min/max blocks, trying to find min/max blocks through a fallback option}
2023-09-29T10:14:47.975 application=explorer [warn] Failed to fetch market cap history. Trying again.
2023-09-29T10:14:48.003 application=explorer [warn] tx/per day chart: failed to get min/max blocks through a fallback option}
2023-09-29T10:14:48.003 application=explorer [info] tx/per day chart: collect records for txs per day stats
2023-09-29T10:14:48.003 application=explorer [info] tx/per day chart: earliest date 2023-09-22 00:00:00Z
2023-09-29T10:14:48.003 application=explorer [info] tx/per day chart: latest date 2023-09-22 23:59:59Z
2023-09-29T10:14:48.029 application=explorer [info] tx/per day chart: timestamp cannot be converted to min/max blocks, trying to find min/max blocks through a fallback option}
2023-09-29T10:14:48.047 application=explorer [warn] tx/per day chart: failed to get min/max blocks through a fallback option}
2023-09-29T10:14:48.047 application=explorer [info] tx/per day chart: collect records for txs per day stats
2023-09-29T10:14:48.047 application=explorer [info] tx/per day chart: earliest date 2023-09-23 00:00:00Z
2023-09-29T10:14:48.047 application=explorer [info] tx/per day chart: latest date 2023-09-23 23:59:59Z
2023-09-29T10:14:48.062 application=explorer [info] tx/per day chart: timestamp cannot be converted to min/max blocks, trying to find min/max blocks through a fallback option}
2023-09-29T10:14:48.078 application=explorer [warn] tx/per day chart: failed to get min/max blocks through a fallback option}
2023-09-29T10:14:48.078 application=explorer [info] tx/per day chart: collect records for txs per day stats
2023-09-29T10:14:48.078 application=explorer [info] tx/per day chart: earliest date 2023-09-24 00:00:00Z
2023-09-29T10:14:48.078 application=explorer [info] tx/per day chart: latest date 2023-09-24 23:59:59Z
2023-09-29T10:14:48.094 application=explorer [warn] Failed to fetch market cap history. Trying again.
2023-09-29T10:14:48.095 application=explorer [info] tx/per day chart: timestamp cannot be converted to min/max blocks, trying to find min/max blocks through a fallback option}
2023-09-29T10:14:48.109 application=explorer [warn] tx/per day chart: failed to get min/max blocks through a fallback option}
2023-09-29T10:14:48.109 application=explorer [info] tx/per day chart: collect records for txs per day stats
2023-09-29T10:14:48.109 application=explorer [info] tx/per day chart: earliest date 2023-09-25 00:00:00Z
2023-09-29T10:14:48.109 application=explorer [info] tx/per day chart: latest date 2023-09-25 23:59:59Z
2023-09-29T10:14:48.123 application=explorer [info] tx/per day chart: timestamp cannot be converted to min/max blocks, trying to find min/max blocks through a fallback option}
2023-09-29T10:14:48.136 application=explorer [warn] tx/per day chart: failed to get min/max blocks through a fallback option}
2023-09-29T10:14:48.136 application=explorer [info] tx/per day chart: collect records for txs per day stats
2023-09-29T10:14:48.136 application=explorer [info] tx/per day chart: earliest date 2023-09-26 00:00:00Z
2023-09-29T10:14:48.136 application=explorer [info] tx/per day chart: latest date 2023-09-26 23:59:59Z
2023-09-29T10:14:48.150 application=explorer [info] tx/per day chart: timestamp cannot be converted to min/max blocks, trying to find min/max blocks through a fallback option}
2023-09-29T10:14:48.162 application=explorer [warn] tx/per day chart: failed to get min/max blocks through a fallback option}
2023-09-29T10:14:48.162 application=explorer [info] tx/per day chart: collect records for txs per day stats
2023-09-29T10:14:48.162 application=explorer [info] tx/per day chart: earliest date 2023-09-27 00:00:00Z
2023-09-29T10:14:48.162 application=explorer [info] tx/per day chart: latest date 2023-09-27 23:59:59Z
2023-09-29T10:14:48.177 application=explorer [info] tx/per day chart: timestamp cannot be converted to min/max blocks, trying to find min/max blocks through a fallback option}
2023-09-29T10:14:48.190 application=explorer [warn] tx/per day chart: failed to get min/max blocks through a fallback option}
2023-09-29T10:14:48.190 application=explorer [info] tx/per day chart: collect records for txs per day stats
2023-09-29T10:14:48.190 application=explorer [info] tx/per day chart: earliest date 2023-09-28 00:00:00Z
2023-09-29T10:14:48.190 application=explorer [info] tx/per day chart: latest date 2023-09-28 23:59:59Z
2023-09-29T10:14:48.206 application=explorer [info] tx/per day chart: timestamp cannot be converted to min/max blocks, trying to find min/max blocks through a fallback option}
2023-09-29T10:14:48.219 application=explorer [warn] tx/per day chart: failed to get min/max blocks through a fallback option}
2023-09-29T10:14:48.219 application=explorer [info] tx/per day chart: collect records for txs per day stats
2023-09-29T10:14:48.219 application=explorer [info] tx/per day chart: records collected [%{date: ~D[2023-09-28], gas_used: 0, number_of_transactions: 0, total_fee: 0}, %{date: ~D[2023-09-27], gas_used: 0, number_of_transactions: 0, total_fee: 0}, %{date: ~D[2023-09-26], gas_used: 0, number_of_transactions: 0, total_fee: 0}, %{date: ~D[2023-09-25], gas_used: 0, number_of_transactions: 0, total_fee: 0}, %{date: ~D[2023-09-24], gas_used: 0, number_of_transactions: 0, total_fee: 0}, %{date: ~D[2023-09-23], gas_used: 0, number_of_transactions: 0, total_fee: 0}, %{date: ~D[2023-09-22], gas_used: 0, number_of_transactions: 0, total_fee: 0}, %{date: ~D[2023-09-21], gas_used: 0, number_of_transactions: 0, total_fee: 0}, %{date: ~D[2023-09-20], gas_used: 0, number_of_transactions: 0, total_fee: 0}]
2023-09-29T10:14:48.219 application=explorer [info] tx/per day chart: save records
2023-09-29T10:14:48.232 application=explorer [info] tx/per day chart: number of inserted 10
2023-09-29T10:14:48.309 application=explorer [warn] Failed to fetch market cap history. Trying again.
2023-09-29T10:41:35.259 application=explorer [info] tx/per day chart: collect records for txs per day stats
2023-09-29T10:41:35.259 application=explorer [info] tx/per day chart: earliest date 2023-09-20 00:00:00Z
2023-09-29T10:41:35.259 application=explorer [info] tx/per day chart: latest date 2023-09-20 23:59:59Z
2023-09-29T10:41:35.392 application=explorer [info] tx/per day chart: timestamp cannot be converted to min/max blocks, trying to find min/max blocks through a fallback option}
2023-09-29T10:41:35.412 application=explorer [warn] tx/per day chart: failed to get min/max blocks through a fallback option}
2023-09-29T10:41:35.412 application=explorer [info] tx/per day chart: collect records for txs per day stats
2023-09-29T10:41:35.412 application=explorer [info] tx/per day chart: earliest date 2023-09-21 00:00:00Z
2023-09-29T10:41:35.412 application=explorer [info] tx/per day chart: latest date 2023-09-21 23:59:59Z
2023-09-29T10:41:35.442 application=explorer [info] tx/per day chart: timestamp cannot be converted to min/max blocks, trying to find min/max blocks through a fallback option}
2023-09-29T10:41:35.479 application=explorer [warn] tx/per day chart: failed to get min/max blocks through a fallback option}
2023-09-29T10:41:35.479 application=explorer [info] tx/per day chart: collect records for txs per day stats
2023-09-29T10:41:35.479 application=explorer [info] tx/per day chart: earliest date 2023-09-22 00:00:00Z
2023-09-29T10:41:35.479 application=explorer [info] tx/per day chart: latest date 2023-09-22 23:59:59Z
2023-09-29T10:41:35.486 application=explorer [warn] Failed to fetch market cap history. Trying again.
2023-09-29T10:41:35.506 application=explorer [info] tx/per day chart: timestamp cannot be converted to min/max blocks, trying to find min/max blocks through a fallback option}
2023-09-29T10:41:35.524 application=explorer [warn] tx/per day chart: failed to get min/max blocks through a fallback option}
2023-09-29T10:41:35.524 application=explorer [info] tx/per day chart: collect records for txs per day stats
2023-09-29T10:41:35.524 application=explorer [info] tx/per day chart: earliest date 2023-09-23 00:00:00Z
2023-09-29T10:41:35.524 application=explorer [info] tx/per day chart: latest date 2023-09-23 23:59:59Z
2023-09-29T10:41:35.541 application=explorer [info] tx/per day chart: timestamp cannot be converted to min/max blocks, trying to find min/max blocks through a fallback option}
2023-09-29T10:41:35.555 application=explorer [warn] tx/per day chart: failed to get min/max blocks through a fallback option}
2023-09-29T10:41:35.555 application=explorer [info] tx/per day chart: collect records for txs per day stats
2023-09-29T10:41:35.555 application=explorer [info] tx/per day chart: earliest date 2023-09-24 00:00:00Z
2023-09-29T10:41:35.555 application=explorer [info] tx/per day chart: latest date 2023-09-24 23:59:59Z
2023-09-29T10:41:35.567 application=explorer [info] tx/per day chart: timestamp cannot be converted to min/max blocks, trying to find min/max blocks through a fallback option}
2023-09-29T10:41:35.580 application=explorer [warn] tx/per day chart: failed to get min/max blocks through a fallback option}
2023-09-29T10:41:35.580 application=explorer [info] tx/per day chart: collect records for txs per day stats
2023-09-29T10:41:35.580 application=explorer [info] tx/per day chart: earliest date 2023-09-25 00:00:00Z
2023-09-29T10:41:35.580 application=explorer [info] tx/per day chart: latest date 2023-09-25 23:59:59Z
2023-09-29T10:41:35.595 application=explorer [info] tx/per day chart: timestamp cannot be converted to min/max blocks, trying to find min/max blocks through a fallback option}
2023-09-29T10:41:35.602 application=explorer [warn] Failed to fetch market cap history. Trying again.
2023-09-29T10:41:35.607 application=explorer [warn] tx/per day chart: failed to get min/max blocks through a fallback option}
2023-09-29T10:41:35.607 application=explorer [info] tx/per day chart: collect records for txs per day stats
2023-09-29T10:41:35.607 application=explorer [info] tx/per day chart: earliest date 2023-09-26 00:00:00Z
2023-09-29T10:41:35.607 application=explorer [info] tx/per day chart: latest date 2023-09-26 23:59:59Z
2023-09-29T10:41:35.621 application=explorer [info] tx/per day chart: timestamp cannot be converted to min/max blocks, trying to find min/max blocks through a fallback option}
2023-09-29T10:41:35.632 application=explorer [warn] tx/per day chart: failed to get min/max blocks through a fallback option}
2023-09-29T10:41:35.632 application=explorer [info] tx/per day chart: collect records for txs per day stats
2023-09-29T10:41:35.632 application=explorer [info] tx/per day chart: earliest date 2023-09-27 00:00:00Z
2023-09-29T10:41:35.632 application=explorer [info] tx/per day chart: latest date 2023-09-27 23:59:59Z
2023-09-29T10:41:35.646 application=explorer [info] tx/per day chart: timestamp cannot be converted to min/max blocks, trying to find min/max blocks through a fallback option}
2023-09-29T10:41:35.659 application=explorer [warn] tx/per day chart: failed to get min/max blocks through a fallback option}
2023-09-29T10:41:35.659 application=explorer [info] tx/per day chart: collect records for txs per day stats
2023-09-29T10:41:35.659 application=explorer [info] tx/per day chart: earliest date 2023-09-28 00:00:00Z
2023-09-29T10:41:35.659 application=explorer [info] tx/per day chart: latest date 2023-09-28 23:59:59Z
2023-09-29T10:41:35.672 application=explorer [info] tx/per day chart: timestamp cannot be converted to min/max blocks, trying to find min/max blocks through a fallback option}
2023-09-29T10:41:35.685 application=explorer [warn] tx/per day chart: failed to get min/max blocks through a fallback option}
2023-09-29T10:41:35.685 application=explorer [info] tx/per day chart: collect records for txs per day stats
2023-09-29T10:41:35.685 application=explorer [info] tx/per day chart: records collected [%{date: ~D[2023-09-28], gas_used: 0, number_of_transactions: 0, total_fee: 0}, %{date: ~D[2023-09-27], gas_used: 0, number_of_transactions: 0, total_fee: 0}, %{date: ~D[2023-09-26], gas_used: 0, number_of_transactions: 0, total_fee: 0}, %{date: ~D[2023-09-25], gas_used: 0, number_of_transactions: 0, total_fee: 0}, %{date: ~D[2023-09-24], gas_used: 0, number_of_transactions: 0, total_fee: 0}, %{date: ~D[2023-09-23], gas_used: 0, number_of_transactions: 0, total_fee: 0}, %{date: ~D[2023-09-22], gas_used: 0, number_of_transactions: 0, total_fee: 0}, %{date: ~D[2023-09-21], gas_used: 0, number_of_transactions: 0, total_fee: 0}, %{date: ~D[2023-09-20], gas_used: 0, number_of_transactions: 0, total_fee: 0}]
2023-09-29T10:41:35.685 application=explorer [info] tx/per day chart: save records
2023-09-29T10:41:35.697 application=explorer [info] tx/per day chart: number of inserted 10
2023-09-29T10:41:35.817 application=explorer [warn] Failed to fetch market cap history. Trying again.
2023-09-29T10:52:12.682 application=explorer [info] tx/per day chart: collect records for txs per day stats
2023-09-29T10:52:12.683 application=explorer [info] tx/per day chart: earliest date 2023-09-20 00:00:00Z
2023-09-29T10:52:12.683 application=explorer [info] tx/per day chart: latest date 2023-09-20 23:59:59Z
2023-09-29T10:52:12.833 application=explorer [info] tx/per day chart: timestamp cannot be converted to min/max blocks, trying to find min/max blocks through a fallback option}
2023-09-29T10:52:12.852 application=explorer [warn] tx/per day chart: failed to get min/max blocks through a fallback option}
2023-09-29T10:52:12.852 application=explorer [info] tx/per day chart: collect records for txs per day stats
2023-09-29T10:52:12.852 application=explorer [info] tx/per day chart: earliest date 2023-09-21 00:00:00Z
2023-09-29T10:52:12.852 application=explorer [info] tx/per day chart: latest date 2023-09-21 23:59:59Z
2023-09-29T10:52:12.873 application=explorer [info] tx/per day chart: timestamp cannot be converted to min/max blocks, trying to find min/max blocks through a fallback option}
2023-09-29T10:52:12.875 application=explorer [warn] Failed to fetch market cap history. Trying again.
2023-09-29T10:52:12.911 application=explorer [warn] tx/per day chart: failed to get min/max blocks through a fallback option}
2023-09-29T10:52:12.915 application=explorer [info] tx/per day chart: collect records for txs per day stats
2023-09-29T10:52:12.915 application=explorer [info] tx/per day chart: earliest date 2023-09-22 00:00:00Z
2023-09-29T10:52:12.915 application=explorer [info] tx/per day chart: latest date 2023-09-22 23:59:59Z
2023-09-29T10:52:12.942 application=explorer [info] tx/per day chart: timestamp cannot be converted to min/max blocks, trying to find min/max blocks through a fallback option}
2023-09-29T10:52:12.959 application=explorer [warn] tx/per day chart: failed to get min/max blocks through a fallback option}
2023-09-29T10:52:12.959 application=explorer [info] tx/per day chart: collect records for txs per day stats
2023-09-29T10:52:12.959 application=explorer [info] tx/per day chart: earliest date 2023-09-23 00:00:00Z
2023-09-29T10:52:12.959 application=explorer [info] tx/per day chart: latest date 2023-09-23 23:59:59Z
2023-09-29T10:52:12.975 application=explorer [info] tx/per day chart: timestamp cannot be converted to min/max blocks, trying to find min/max blocks through a fallback option}
2023-09-29T10:52:12.989 application=explorer [warn] tx/per day chart: failed to get min/max blocks through a fallback option}
2023-09-29T10:52:12.989 application=explorer [info] tx/per day chart: collect records for txs per day stats
2023-09-29T10:52:12.989 application=explorer [info] tx/per day chart: earliest date 2023-09-24 00:00:00Z
2023-09-29T10:52:12.989 application=explorer [info] tx/per day chart: latest date 2023-09-24 23:59:59Z
2023-09-29T10:52:12.995 application=explorer [warn] Failed to fetch market cap history. Trying again.
2023-09-29T10:52:13.003 application=explorer [info] tx/per day chart: timestamp cannot be converted to min/max blocks, trying to find min/max blocks through a fallback option}
2023-09-29T10:52:13.015 application=explorer [warn] tx/per day chart: failed to get min/max blocks through a fallback option}
2023-09-29T10:52:13.015 application=explorer [info] tx/per day chart: collect records for txs per day stats
2023-09-29T10:52:13.016 application=explorer [info] tx/per day chart: earliest date 2023-09-25 00:00:00Z
2023-09-29T10:52:13.016 application=explorer [info] tx/per day chart: latest date 2023-09-25 23:59:59Z
2023-09-29T10:52:13.030 application=explorer [info] tx/per day chart: timestamp cannot be converted to min/max blocks, trying to find min/max blocks through a fallback option}
2023-09-29T10:52:13.042 application=explorer [warn] tx/per day chart: failed to get min/max blocks through a fallback option}
2023-09-29T10:52:13.042 application=explorer [info] tx/per day chart: collect records for txs per day stats
2023-09-29T10:52:13.042 application=explorer [info] tx/per day chart: earliest date 2023-09-26 00:00:00Z
2023-09-29T10:52:13.042 application=explorer [info] tx/per day chart: latest date 2023-09-26 23:59:59Z
2023-09-29T10:52:13.056 application=explorer [info] tx/per day chart: timestamp cannot be converted to min/max blocks, trying to find min/max blocks through a fallback option}
2023-09-29T10:52:13.068 application=explorer [warn] tx/per day chart: failed to get min/max blocks through a fallback option}
2023-09-29T10:52:13.068 application=explorer [info] tx/per day chart: collect records for txs per day stats
2023-09-29T10:52:13.068 application=explorer [info] tx/per day chart: earliest date 2023-09-27 00:00:00Z
2023-09-29T10:52:13.068 application=explorer [info] tx/per day chart: latest date 2023-09-27 23:59:59Z
2023-09-29T10:52:13.081 application=explorer [info] tx/per day chart: timestamp cannot be converted to min/max blocks, trying to find min/max blocks through a fallback option}
2023-09-29T10:52:13.094 application=explorer [warn] tx/per day chart: failed to get min/max blocks through a fallback option}
2023-09-29T10:52:13.094 application=explorer [info] tx/per day chart: collect records for txs per day stats
2023-09-29T10:52:13.094 application=explorer [info] tx/per day chart: earliest date 2023-09-28 00:00:00Z
2023-09-29T10:52:13.094 application=explorer [info] tx/per day chart: latest date 2023-09-28 23:59:59Z
2023-09-29T10:52:13.107 application=explorer [info] tx/per day chart: timestamp cannot be converted to min/max blocks, trying to find min/max blocks through a fallback option}
2023-09-29T10:52:13.119 application=explorer [warn] tx/per day chart: failed to get min/max blocks through a fallback option}
2023-09-29T10:52:13.119 application=explorer [info] tx/per day chart: collect records for txs per day stats
2023-09-29T10:52:13.120 application=explorer [info] tx/per day chart: records collected [%{date: ~D[2023-09-28], gas_used: 0, number_of_transactions: 0, total_fee: 0}, %{date: ~D[2023-09-27], gas_used: 0, number_of_transactions: 0, total_fee: 0}, %{date: ~D[2023-09-26], gas_used: 0, number_of_transactions: 0, total_fee: 0}, %{date: ~D[2023-09-25], gas_used: 0, number_of_transactions: 0, total_fee: 0}, %{date: ~D[2023-09-24], gas_used: 0, number_of_transactions: 0, total_fee: 0}, %{date: ~D[2023-09-23], gas_used: 0, number_of_transactions: 0, total_fee: 0}, %{date: ~D[2023-09-22], gas_used: 0, number_of_transactions: 0, total_fee: 0}, %{date: ~D[2023-09-21], gas_used: 0, number_of_transactions: 0, total_fee: 0}, %{date: ~D[2023-09-20], gas_used: 0, number_of_transactions: 0, total_fee: 0}]
2023-09-29T10:52:13.120 application=explorer [info] tx/per day chart: save records
2023-09-29T10:52:13.133 application=explorer [info] tx/per day chart: number of inserted 10
2023-09-29T10:52:13.212 application=explorer [warn] Failed to fetch market cap history. Trying again.
2023-09-29T10:53:38.590 application=explorer [info] tx/per day chart: collect records for txs per day stats
2023-09-29T10:53:38.590 application=explorer [info] tx/per day chart: earliest date 2023-09-20 00:00:00Z
2023-09-29T10:53:38.590 application=explorer [info] tx/per day chart: latest date 2023-09-20 23:59:59Z
2023-09-29T10:53:38.778 application=explorer [info] tx/per day chart: timestamp cannot be converted to min/max blocks, trying to find min/max blocks through a fallback option}
2023-09-29T10:53:38.791 application=explorer [warn] Failed to fetch market cap history. Trying again.
2023-09-29T10:53:38.801 application=explorer [warn] tx/per day chart: failed to get min/max blocks through a fallback option}
2023-09-29T10:53:38.801 application=explorer [info] tx/per day chart: collect records for txs per day stats
2023-09-29T10:53:38.801 application=explorer [info] tx/per day chart: earliest date 2023-09-21 00:00:00Z
2023-09-29T10:53:38.801 application=explorer [info] tx/per day chart: latest date 2023-09-21 23:59:59Z
2023-09-29T10:53:38.843 application=explorer [info] tx/per day chart: timestamp cannot be converted to min/max blocks, trying to find min/max blocks through a fallback option}
2023-09-29T10:53:38.874 application=explorer [warn] tx/per day chart: failed to get min/max blocks through a fallback option}
2023-09-29T10:53:38.874 application=explorer [info] tx/per day chart: collect records for txs per day stats
2023-09-29T10:53:38.874 application=explorer [info] tx/per day chart: earliest date 2023-09-22 00:00:00Z
2023-09-29T10:53:38.874 application=explorer [info] tx/per day chart: latest date 2023-09-22 23:59:59Z
2023-09-29T10:53:38.898 application=explorer [info] tx/per day chart: timestamp cannot be converted to min/max blocks, trying to find min/max blocks through a fallback option}
2023-09-29T10:53:38.910 application=explorer [warn] Failed to fetch market cap history. Trying again.
2023-09-29T10:53:38.915 application=explorer [warn] tx/per day chart: failed to get min/max blocks through a fallback option}
2023-09-29T10:53:38.915 application=explorer [info] tx/per day chart: collect records for txs per day stats
2023-09-29T10:53:38.915 application=explorer [info] tx/per day chart: earliest date 2023-09-23 00:00:00Z
2023-09-29T10:53:38.915 application=explorer [info] tx/per day chart: latest date 2023-09-23 23:59:59Z
2023-09-29T10:53:38.929 application=explorer [info] tx/per day chart: timestamp cannot be converted to min/max blocks, trying to find min/max blocks through a fallback option}
2023-09-29T10:53:38.942 application=explorer [warn] tx/per day chart: failed to get min/max blocks through a fallback option}
2023-09-29T10:53:38.942 application=explorer [info] tx/per day chart: collect records for txs per day stats
2023-09-29T10:53:38.942 application=explorer [info] tx/per day chart: earliest date 2023-09-24 00:00:00Z
2023-09-29T10:53:38.942 application=explorer [info] tx/per day chart: latest date 2023-09-24 23:59:59Z
2023-09-29T10:53:38.955 application=explorer [info] tx/per day chart: timestamp cannot be converted to min/max blocks, trying to find min/max blocks through a fallback option}
2023-09-29T10:53:38.969 application=explorer [warn] tx/per day chart: failed to get min/max blocks through a fallback option}
2023-09-29T10:53:38.969 application=explorer [info] tx/per day chart: collect records for txs per day stats
2023-09-29T10:53:38.969 application=explorer [info] tx/per day chart: earliest date 2023-09-25 00:00:00Z
2023-09-29T10:53:38.969 application=explorer [info] tx/per day chart: latest date 2023-09-25 23:59:59Z
2023-09-29T10:53:38.983 application=explorer [info] tx/per day chart: timestamp cannot be converted to min/max blocks, trying to find min/max blocks through a fallback option}
2023-09-29T10:53:38.998 application=explorer [warn] tx/per day chart: failed to get min/max blocks through a fallback option}
2023-09-29T10:53:38.998 application=explorer [info] tx/per day chart: collect records for txs per day stats
2023-09-29T10:53:38.998 application=explorer [info] tx/per day chart: earliest date 2023-09-26 00:00:00Z
2023-09-29T10:53:38.998 application=explorer [info] tx/per day chart: latest date 2023-09-26 23:59:59Z
2023-09-29T10:53:39.013 application=explorer [info] tx/per day chart: timestamp cannot be converted to min/max blocks, trying to find min/max blocks through a fallback option}
2023-09-29T10:53:39.026 application=explorer [warn] tx/per day chart: failed to get min/max blocks through a fallback option}
2023-09-29T10:53:39.026 application=explorer [info] tx/per day chart: collect records for txs per day stats
2023-09-29T10:53:39.026 application=explorer [info] tx/per day chart: earliest date 2023-09-27 00:00:00Z
2023-09-29T10:53:39.026 application=explorer [info] tx/per day chart: latest date 2023-09-27 23:59:59Z
2023-09-29T10:53:39.042 application=explorer [info] tx/per day chart: timestamp cannot be converted to min/max blocks, trying to find min/max blocks through a fallback option}
2023-09-29T10:53:39.066 application=explorer [warn] tx/per day chart: failed to get min/max blocks through a fallback option}
2023-09-29T10:53:39.066 application=explorer [info] tx/per day chart: collect records for txs per day stats
2023-09-29T10:53:39.066 application=explorer [info] tx/per day chart: earliest date 2023-09-28 00:00:00Z
2023-09-29T10:53:39.066 application=explorer [info] tx/per day chart: latest date 2023-09-28 23:59:59Z
2023-09-29T10:53:39.085 application=explorer [info] tx/per day chart: timestamp cannot be converted to min/max blocks, trying to find min/max blocks through a fallback option}
2023-09-29T10:53:39.113 application=explorer [warn] tx/per day chart: failed to get min/max blocks through a fallback option}
2023-09-29T10:53:39.113 application=explorer [info] tx/per day chart: collect records for txs per day stats
2023-09-29T10:53:39.113 application=explorer [info] tx/per day chart: records collected [%{date: ~D[2023-09-28], gas_used: 0, number_of_transactions: 0, total_fee: 0}, %{date: ~D[2023-09-27], gas_used: 0, number_of_transactions: 0, total_fee: 0}, %{date: ~D[2023-09-26], gas_used: 0, number_of_transactions: 0, total_fee: 0}, %{date: ~D[2023-09-25], gas_used: 0, number_of_transactions: 0, total_fee: 0}, %{date: ~D[2023-09-24], gas_used: 0, number_of_transactions: 0, total_fee: 0}, %{date: ~D[2023-09-23], gas_used: 0, number_of_transactions: 0, total_fee: 0}, %{date: ~D[2023-09-22], gas_used: 0, number_of_transactions: 0, total_fee: 0}, %{date: ~D[2023-09-21], gas_used: 0, number_of_transactions: 0, total_fee: 0}, %{date: ~D[2023-09-20], gas_used: 0, number_of_transactions: 0, total_fee: 0}]
2023-09-29T10:53:39.114 application=explorer [info] tx/per day chart: save records
2023-09-29T10:53:39.133 application=explorer [warn] Failed to fetch market cap history. Trying again.
2023-09-29T10:53:39.142 application=explorer [info] tx/per day chart: number of inserted 10
2023-09-29T10:54:08.913 application=explorer [info] tx/per day chart: collect records for txs per day stats
2023-09-29T10:54:08.913 application=explorer [info] tx/per day chart: earliest date 2023-09-20 00:00:00Z
2023-09-29T10:54:08.913 application=explorer [info] tx/per day chart: latest date 2023-09-20 23:59:59Z
2023-09-29T10:54:09.014 application=explorer [info] tx/per day chart: timestamp cannot be converted to min/max blocks, trying to find min/max blocks through a fallback option}
2023-09-29T10:54:09.035 application=explorer [warn] tx/per day chart: failed to get min/max blocks through a fallback option}
2023-09-29T10:54:09.035 application=explorer [info] tx/per day chart: collect records for txs per day stats
2023-09-29T10:54:09.035 application=explorer [info] tx/per day chart: earliest date 2023-09-21 00:00:00Z
2023-09-29T10:54:09.035 application=explorer [info] tx/per day chart: latest date 2023-09-21 23:59:59Z
2023-09-29T10:54:09.056 application=explorer [info] tx/per day chart: timestamp cannot be converted to min/max blocks, trying to find min/max blocks through a fallback option}
2023-09-29T10:54:09.093 application=explorer [warn] tx/per day chart: failed to get min/max blocks through a fallback option}
2023-09-29T10:54:09.093 application=explorer [info] tx/per day chart: collect records for txs per day stats
2023-09-29T10:54:09.093 application=explorer [info] tx/per day chart: earliest date 2023-09-22 00:00:00Z
2023-09-29T10:54:09.093 application=explorer [info] tx/per day chart: latest date 2023-09-22 23:59:59Z
2023-09-29T10:54:09.109 application=explorer [warn] Failed to fetch market cap history. Trying again.
2023-09-29T10:54:09.122 application=explorer [info] tx/per day chart: timestamp cannot be converted to min/max blocks, trying to find min/max blocks through a fallback option}
2023-09-29T10:54:09.144 application=explorer [warn] tx/per day chart: failed to get min/max blocks through a fallback option}
2023-09-29T10:54:09.144 application=explorer [info] tx/per day chart: collect records for txs per day stats
2023-09-29T10:54:09.144 application=explorer [info] tx/per day chart: earliest date 2023-09-23 00:00:00Z
2023-09-29T10:54:09.144 application=explorer [info] tx/per day chart: latest date 2023-09-23 23:59:59Z
2023-09-29T10:54:09.164 application=explorer [info] tx/per day chart: timestamp cannot be converted to min/max blocks, trying to find min/max blocks through a fallback option}
2023-09-29T10:54:09.177 application=explorer [warn] tx/per day chart: failed to get min/max blocks through a fallback option}
2023-09-29T10:54:09.177 application=explorer [info] tx/per day chart: collect records for txs per day stats
2023-09-29T10:54:09.177 application=explorer [info] tx/per day chart: earliest date 2023-09-24 00:00:00Z
2023-09-29T10:54:09.177 application=explorer [info] tx/per day chart: latest date 2023-09-24 23:59:59Z
2023-09-29T10:54:09.192 application=explorer [info] tx/per day chart: timestamp cannot be converted to min/max blocks, trying to find min/max blocks through a fallback option}
2023-09-29T10:54:09.204 application=explorer [warn] tx/per day chart: failed to get min/max blocks through a fallback option}
2023-09-29T10:54:09.204 application=explorer [info] tx/per day chart: collect records for txs per day stats
2023-09-29T10:54:09.204 application=explorer [info] tx/per day chart: earliest date 2023-09-25 00:00:00Z
2023-09-29T10:54:09.204 application=explorer [info] tx/per day chart: latest date 2023-09-25 23:59:59Z
2023-09-29T10:54:09.217 application=explorer [info] tx/per day chart: timestamp cannot be converted to min/max blocks, trying to find min/max blocks through a fallback option}
2023-09-29T10:54:09.231 application=explorer [warn] tx/per day chart: failed to get min/max blocks through a fallback option}
2023-09-29T10:54:09.231 application=explorer [info] tx/per day chart: collect records for txs per day stats
2023-09-29T10:54:09.231 application=explorer [info] tx/per day chart: earliest date 2023-09-26 00:00:00Z
2023-09-29T10:54:09.231 application=explorer [info] tx/per day chart: latest date 2023-09-26 23:59:59Z
2023-09-29T10:54:09.242 application=explorer [warn] Failed to fetch market cap history. Trying again.
2023-09-29T10:54:09.244 application=explorer [info] tx/per day chart: timestamp cannot be converted to min/max blocks, trying to find min/max blocks through a fallback option}
2023-09-29T10:54:09.255 application=explorer [warn] tx/per day chart: failed to get min/max blocks through a fallback option}
2023-09-29T10:54:09.255 application=explorer [info] tx/per day chart: collect records for txs per day stats
2023-09-29T10:54:09.255 application=explorer [info] tx/per day chart: earliest date 2023-09-27 00:00:00Z
2023-09-29T10:54:09.255 application=explorer [info] tx/per day chart: latest date 2023-09-27 23:59:59Z
2023-09-29T10:54:09.268 application=explorer [info] tx/per day chart: timestamp cannot be converted to min/max blocks, trying to find min/max blocks through a fallback option}
2023-09-29T10:54:09.281 application=explorer [warn] tx/per day chart: failed to get min/max blocks through a fallback option}
2023-09-29T10:54:09.281 application=explorer [info] tx/per day chart: collect records for txs per day stats
2023-09-29T10:54:09.281 application=explorer [info] tx/per day chart: earliest date 2023-09-28 00:00:00Z
2023-09-29T10:54:09.281 application=explorer [info] tx/per day chart: latest date 2023-09-28 23:59:59Z
2023-09-29T10:54:09.294 application=explorer [info] tx/per day chart: timestamp cannot be converted to min/max blocks, trying to find min/max blocks through a fallback option}
2023-09-29T10:54:09.306 application=explorer [warn] tx/per day chart: failed to get min/max blocks through a fallback option}
2023-09-29T10:54:09.306 application=explorer [info] tx/per day chart: collect records for txs per day stats
2023-09-29T10:54:09.306 application=explorer [info] tx/per day chart: records collected [%{date: ~D[2023-09-28], gas_used: 0, number_of_transactions: 0, total_fee: 0}, %{date: ~D[2023-09-27], gas_used: 0, number_of_transactions: 0, total_fee: 0}, %{date: ~D[2023-09-26], gas_used: 0, number_of_transactions: 0, total_fee: 0}, %{date: ~D[2023-09-25], gas_used: 0, number_of_transactions: 0, total_fee: 0}, %{date: ~D[2023-09-24], gas_used: 0, number_of_transactions: 0, total_fee: 0}, %{date: ~D[2023-09-23], gas_used: 0, number_of_transactions: 0, total_fee: 0}, %{date: ~D[2023-09-22], gas_used: 0, number_of_transactions: 0, total_fee: 0}, %{date: ~D[2023-09-21], gas_used: 0, number_of_transactions: 0, total_fee: 0}, %{date: ~D[2023-09-20], gas_used: 0, number_of_transactions: 0, total_fee: 0}]
2023-09-29T10:54:09.306 application=explorer [info] tx/per day chart: save records
2023-09-29T10:54:09.319 application=explorer [info] tx/per day chart: number of inserted 10
2023-09-29T10:54:09.460 application=explorer [warn] Failed to fetch market cap history. Trying again.
2023-09-29T10:56:08.913 application=explorer [warn] Failed to fetch genesis data. Chain spec path is not set.
2023-09-29T10:58:04.070 application=explorer [info] tx/per day chart: collect records for txs per day stats
2023-09-29T10:58:04.070 application=explorer [info] tx/per day chart: earliest date 2023-09-20 00:00:00Z
2023-09-29T10:58:04.070 application=explorer [info] tx/per day chart: latest date 2023-09-20 23:59:59Z
2023-09-29T10:58:04.217 application=explorer [info] tx/per day chart: timestamp cannot be converted to min/max blocks, trying to find min/max blocks through a fallback option}
2023-09-29T10:58:04.239 application=explorer [warn] tx/per day chart: failed to get min/max blocks through a fallback option}
2023-09-29T10:58:04.239 application=explorer [info] tx/per day chart: collect records for txs per day stats
2023-09-29T10:58:04.239 application=explorer [info] tx/per day chart: earliest date 2023-09-21 00:00:00Z
2023-09-29T10:58:04.239 application=explorer [info] tx/per day chart: latest date 2023-09-21 23:59:59Z
2023-09-29T10:58:04.262 application=explorer [warn] Failed to fetch market cap history. Trying again.
2023-09-29T10:58:04.263 application=explorer [info] tx/per day chart: timestamp cannot be converted to min/max blocks, trying to find min/max blocks through a fallback option}
2023-09-29T10:58:04.310 application=explorer [warn] tx/per day chart: failed to get min/max blocks through a fallback option}
2023-09-29T10:58:04.310 application=explorer [info] tx/per day chart: collect records for txs per day stats
2023-09-29T10:58:04.310 application=explorer [info] tx/per day chart: earliest date 2023-09-22 00:00:00Z
2023-09-29T10:58:04.310 application=explorer [info] tx/per day chart: latest date 2023-09-22 23:59:59Z
2023-09-29T10:58:04.351 application=explorer [info] tx/per day chart: timestamp cannot be converted to min/max blocks, trying to find min/max blocks through a fallback option}
2023-09-29T10:58:04.378 application=explorer [warn] tx/per day chart: failed to get min/max blocks through a fallback option}
2023-09-29T10:58:04.378 application=explorer [info] tx/per day chart: collect records for txs per day stats
2023-09-29T10:58:04.378 application=explorer [info] tx/per day chart: earliest date 2023-09-23 00:00:00Z
2023-09-29T10:58:04.378 application=explorer [info] tx/per day chart: latest date 2023-09-23 23:59:59Z
2023-09-29T10:58:04.388 application=explorer [warn] Failed to fetch market cap history. Trying again.
2023-09-29T10:58:04.405 application=explorer [info] tx/per day chart: timestamp cannot be converted to min/max blocks, trying to find min/max blocks through a fallback option}
2023-09-29T10:58:04.417 application=explorer [warn] tx/per day chart: failed to get min/max blocks through a fallback option}
2023-09-29T10:58:04.417 application=explorer [info] tx/per day chart: collect records for txs per day stats
2023-09-29T10:58:04.417 application=explorer [info] tx/per day chart: earliest date 2023-09-24 00:00:00Z
2023-09-29T10:58:04.417 application=explorer [info] tx/per day chart: latest date 2023-09-24 23:59:59Z
2023-09-29T10:58:04.432 application=explorer [info] tx/per day chart: timestamp cannot be converted to min/max blocks, trying to find min/max blocks through a fallback option}
2023-09-29T10:58:04.445 application=explorer [warn] tx/per day chart: failed to get min/max blocks through a fallback option}
2023-09-29T10:58:04.445 application=explorer [info] tx/per day chart: collect records for txs per day stats
2023-09-29T10:58:04.445 application=explorer [info] tx/per day chart: earliest date 2023-09-25 00:00:00Z
2023-09-29T10:58:04.445 application=explorer [info] tx/per day chart: latest date 2023-09-25 23:59:59Z
2023-09-29T10:58:04.459 application=explorer [info] tx/per day chart: timestamp cannot be converted to min/max blocks, trying to find min/max blocks through a fallback option}
2023-09-29T10:58:04.472 application=explorer [warn] tx/per day chart: failed to get min/max blocks through a fallback option}
2023-09-29T10:58:04.472 application=explorer [info] tx/per day chart: collect records for txs per day stats
2023-09-29T10:58:04.472 application=explorer [info] tx/per day chart: earliest date 2023-09-26 00:00:00Z
2023-09-29T10:58:04.472 application=explorer [info] tx/per day chart: latest date 2023-09-26 23:59:59Z
2023-09-29T10:58:04.485 application=explorer [info] tx/per day chart: timestamp cannot be converted to min/max blocks, trying to find min/max blocks through a fallback option}
2023-09-29T10:58:04.498 application=explorer [warn] tx/per day chart: failed to get min/max blocks through a fallback option}
2023-09-29T10:58:04.498 application=explorer [info] tx/per day chart: collect records for txs per day stats
2023-09-29T10:58:04.498 application=explorer [info] tx/per day chart: earliest date 2023-09-27 00:00:00Z
2023-09-29T10:58:04.498 application=explorer [info] tx/per day chart: latest date 2023-09-27 23:59:59Z
2023-09-29T10:58:04.511 application=explorer [info] tx/per day chart: timestamp cannot be converted to min/max blocks, trying to find min/max blocks through a fallback option}
2023-09-29T10:58:04.523 application=explorer [warn] tx/per day chart: failed to get min/max blocks through a fallback option}
2023-09-29T10:58:04.523 application=explorer [info] tx/per day chart: collect records for txs per day stats
2023-09-29T10:58:04.523 application=explorer [info] tx/per day chart: earliest date 2023-09-28 00:00:00Z
2023-09-29T10:58:04.523 application=explorer [info] tx/per day chart: latest date 2023-09-28 23:59:59Z
2023-09-29T10:58:04.536 application=explorer [info] tx/per day chart: timestamp cannot be converted to min/max blocks, trying to find min/max blocks through a fallback option}
2023-09-29T10:58:04.548 application=explorer [warn] tx/per day chart: failed to get min/max blocks through a fallback option}
2023-09-29T10:58:04.548 application=explorer [info] tx/per day chart: collect records for txs per day stats
2023-09-29T10:58:04.548 application=explorer [info] tx/per day chart: records collected [%{date: ~D[2023-09-28], gas_used: 0, number_of_transactions: 0, total_fee: 0}, %{date: ~D[2023-09-27], gas_used: 0, number_of_transactions: 0, total_fee: 0}, %{date: ~D[2023-09-26], gas_used: 0, number_of_transactions: 0, total_fee: 0}, %{date: ~D[2023-09-25], gas_used: 0, number_of_transactions: 0, total_fee: 0}, %{date: ~D[2023-09-24], gas_used: 0, number_of_transactions: 0, total_fee: 0}, %{date: ~D[2023-09-23], gas_used: 0, number_of_transactions: 0, total_fee: 0}, %{date: ~D[2023-09-22], gas_used: 0, number_of_transactions: 0, total_fee: 0}, %{date: ~D[2023-09-21], gas_used: 0, number_of_transactions: 0, total_fee: 0}, %{date: ~D[2023-09-20], gas_used: 0, number_of_transactions: 0, total_fee: 0}]
2023-09-29T10:58:04.548 application=explorer [info] tx/per day chart: save records
2023-09-29T10:58:04.562 application=explorer [info] tx/per day chart: number of inserted 10
2023-09-29T10:58:04.605 application=explorer [warn] Failed to fetch market cap history. Trying again.
2023-09-29T11:18:52.976 application=explorer [info] tx/per day chart: collect records for txs per day stats
2023-09-29T11:18:52.976 application=explorer [info] tx/per day chart: earliest date 2023-09-20 00:00:00Z
2023-09-29T11:18:52.976 application=explorer [info] tx/per day chart: latest date 2023-09-20 23:59:59Z
2023-09-29T11:18:53.106 application=explorer [info] tx/per day chart: timestamp cannot be converted to min/max blocks, trying to find min/max blocks through a fallback option}
2023-09-29T11:18:53.128 application=explorer [warn] tx/per day chart: failed to get min/max blocks through a fallback option}
2023-09-29T11:18:53.128 application=explorer [info] tx/per day chart: collect records for txs per day stats
2023-09-29T11:18:53.128 application=explorer [info] tx/per day chart: earliest date 2023-09-21 00:00:00Z
2023-09-29T11:18:53.128 application=explorer [info] tx/per day chart: latest date 2023-09-21 23:59:59Z
2023-09-29T11:18:53.171 application=explorer [info] tx/per day chart: timestamp cannot be converted to min/max blocks, trying to find min/max blocks through a fallback option}
2023-09-29T11:18:53.192 application=explorer [warn] Failed to fetch market cap history. Trying again.
2023-09-29T11:18:53.226 application=explorer [warn] tx/per day chart: failed to get min/max blocks through a fallback option}
2023-09-29T11:18:53.226 application=explorer [info] tx/per day chart: collect records for txs per day stats
2023-09-29T11:18:53.226 application=explorer [info] tx/per day chart: earliest date 2023-09-22 00:00:00Z
2023-09-29T11:18:53.226 application=explorer [info] tx/per day chart: latest date 2023-09-22 23:59:59Z
2023-09-29T11:18:53.258 application=explorer [info] tx/per day chart: timestamp cannot be converted to min/max blocks, trying to find min/max blocks through a fallback option}
2023-09-29T11:18:53.279 application=explorer [warn] tx/per day chart: failed to get min/max blocks through a fallback option}
2023-09-29T11:18:53.279 application=explorer [info] tx/per day chart: collect records for txs per day stats
2023-09-29T11:18:53.279 application=explorer [info] tx/per day chart: earliest date 2023-09-23 00:00:00Z
2023-09-29T11:18:53.279 application=explorer [info] tx/per day chart: latest date 2023-09-23 23:59:59Z
2023-09-29T11:18:53.303 application=explorer [info] tx/per day chart: timestamp cannot be converted to min/max blocks, trying to find min/max blocks through a fallback option}
2023-09-29T11:18:53.308 application=explorer [warn] Failed to fetch market cap history. Trying again.
2023-09-29T11:18:53.321 application=explorer [warn] tx/per day chart: failed to get min/max blocks through a fallback option}
2023-09-29T11:18:53.321 application=explorer [info] tx/per day chart: collect records for txs per day stats
2023-09-29T11:18:53.321 application=explorer [info] tx/per day chart: earliest date 2023-09-24 00:00:00Z
2023-09-29T11:18:53.321 application=explorer [info] tx/per day chart: latest date 2023-09-24 23:59:59Z
2023-09-29T11:18:53.343 application=explorer [info] tx/per day chart: timestamp cannot be converted to min/max blocks, trying to find min/max blocks through a fallback option}
2023-09-29T11:18:53.358 application=explorer [warn] tx/per day chart: failed to get min/max blocks through a fallback option}
2023-09-29T11:18:53.358 application=explorer [info] tx/per day chart: collect records for txs per day stats
2023-09-29T11:18:53.358 application=explorer [info] tx/per day chart: earliest date 2023-09-25 00:00:00Z
2023-09-29T11:18:53.358 application=explorer [info] tx/per day chart: latest date 2023-09-25 23:59:59Z
2023-09-29T11:18:53.377 application=explorer [info] tx/per day chart: timestamp cannot be converted to min/max blocks, trying to find min/max blocks through a fallback option}
2023-09-29T11:18:53.393 application=explorer [warn] tx/per day chart: failed to get min/max blocks through a fallback option}
2023-09-29T11:18:53.393 application=explorer [info] tx/per day chart: collect records for txs per day stats
2023-09-29T11:18:53.393 application=explorer [info] tx/per day chart: earliest date 2023-09-26 00:00:00Z
2023-09-29T11:18:53.393 application=explorer [info] tx/per day chart: latest date 2023-09-26 23:59:59Z
2023-09-29T11:18:53.411 application=explorer [info] tx/per day chart: timestamp cannot be converted to min/max blocks, trying to find min/max blocks through a fallback option}
2023-09-29T11:18:53.427 application=explorer [warn] tx/per day chart: failed to get min/max blocks through a fallback option}
2023-09-29T11:18:53.427 application=explorer [info] tx/per day chart: collect records for txs per day stats
2023-09-29T11:18:53.428 application=explorer [info] tx/per day chart: earliest date 2023-09-27 00:00:00Z
2023-09-29T11:18:53.428 application=explorer [info] tx/per day chart: latest date 2023-09-27 23:59:59Z
2023-09-29T11:18:53.449 application=explorer [info] tx/per day chart: timestamp cannot be converted to min/max blocks, trying to find min/max blocks through a fallback option}
2023-09-29T11:18:53.454 application=explorer [warn] tx/per day chart: failed to get min/max blocks through a fallback option}
2023-09-29T11:18:53.454 application=explorer [info] tx/per day chart: collect records for txs per day stats
2023-09-29T11:18:53.454 application=explorer [info] tx/per day chart: earliest date 2023-09-28 00:00:00Z
2023-09-29T11:18:53.454 application=explorer [info] tx/per day chart: latest date 2023-09-28 23:59:59Z
2023-09-29T11:18:53.475 application=explorer [info] tx/per day chart: timestamp cannot be converted to min/max blocks, trying to find min/max blocks through a fallback option}
2023-09-29T11:18:53.492 application=explorer [warn] tx/per day chart: failed to get min/max blocks through a fallback option}
2023-09-29T11:18:53.492 application=explorer [info] tx/per day chart: collect records for txs per day stats
2023-09-29T11:18:53.493 application=explorer [info] tx/per day chart: records collected [%{date: ~D[2023-09-28], gas_used: 0, number_of_transactions: 0, total_fee: 0}, %{date: ~D[2023-09-27], gas_used: 0, number_of_transactions: 0, total_fee: 0}, %{date: ~D[2023-09-26], gas_used: 0, number_of_transactions: 0, total_fee: 0}, %{date: ~D[2023-09-25], gas_used: 0, number_of_transactions: 0, total_fee: 0}, %{date: ~D[2023-09-24], gas_used: 0, number_of_transactions: 0, total_fee: 0}, %{date: ~D[2023-09-23], gas_used: 0, number_of_transactions: 0, total_fee: 0}, %{date: ~D[2023-09-22], gas_used: 0, number_of_transactions: 0, total_fee: 0}, %{date: ~D[2023-09-21], gas_used: 0, number_of_transactions: 0, total_fee: 0}, %{date: ~D[2023-09-20], gas_used: 0, number_of_transactions: 0, total_fee: 0}]
2023-09-29T11:18:53.493 application=explorer [info] tx/per day chart: save records
2023-09-29T11:18:53.524 application=explorer [warn] Failed to fetch market cap history. Trying again.
2023-09-29T11:18:53.529 application=explorer [info] tx/per day chart: number of inserted 10
